proguard/seeds.txt
sms.birthday.chucmung.chucmungsinhnhat.smstinhyeu.happybirthday.ActivityListItem
sms.birthday.chucmung.chucmungsinhnhat.smstinhyeu.happybirthday.ActivityListItem: ActivityListItem()
sms.birthday.chucmung.chucmungsinhnhat.smstinhyeu.happybirthday.ActivitySplash
sms.birthday.chucmung.chucmungsinhnhat.smstinhyeu.happybirthday.ActivitySplash: ActivitySplash()
sms.birthday.chucmung.chucmungsinhnhat.smstinhyeu.happybirthday.Activity_About
sms.birthday.chucmung.chucmungsinhnhat.smstinhyeu.happybirthday.Activity_Date
sms.birthday.chucmung.chucmungsinhnhat.smstinhyeu.happybirthday.Activity_Date: Activity_Date()
sms.birthday.chucmung.chucmungsinhnhat.smstinhyeu.happybirthday.Activity_SMS_Deatail
sms.birthday.chucmung.chucmungsinhnhat.smstinhyeu.happybirthday.Activity_SMS_Deatail: Activity_SMS_Deatail()
sms.birthday.chucmung.chucmungsinhnhat.smstinhyeu.happybirthday.GCMIntentService
sms.birthday.chucmung.chucmungsinhnhat.smstinhyeu.happybirthday.GCMIntentService: GCMIntentService()
...
android.support.v4.app.FragmentTabHost$1
android.support.v4.app.FragmentTabHost$DummyTabFactory
android.support.v4.app.FragmentTabHost$DummyTabFactory: android.content.Context mContext
android.support.v4.app.FragmentTabHost$DummyTabFactory: FragmentTabHost$DummyTabFactory(android.content.Context)
android.support.v4.app.FragmentTabHost$DummyTabFactory: android.view.View createTabContent(java.lang.String)
android.support.v4.app.FragmentTabHost$SavedState
android.support.v4.app.FragmentTabHost$SavedState: java.lang.String curTab
android.support.v4.app.FragmentTabHost$SavedState: android.os.Parcelable$Creator CREATOR
android.support.v4.app.FragmentTabHost$SavedState: FragmentTabHost$SavedState(android.os.Parcelable)
android.support.v4.app.FragmentTabHost$SavedState: FragmentTabHost$SavedState(android.os.Parcel)
android.support.v4.app.FragmentTabHost$SavedState: void writeToParcel(android.os.Parcel,int)
android.support.v4.app.FragmentTabHost$SavedState: java.lang.String toString()
android.support.v4.app.FragmentTabHost$SavedState: FragmentTabHost$SavedState(android.os.Parcel,android.support.v4.app.FragmentTabHost$1)
android.support.v4.app.FragmentTabHost$SavedState: void <clinit>()
android.support.v4.app.FragmentTabHost$SavedState$1
android.support.v4.app.FragmentTabHost$SavedState$1: FragmentTabHost$SavedState$1()
android.support.v4.app.FragmentTabHost$SavedState$1: android.support.v4.app.FragmentTabHost$SavedState createFromParcel(android.os.Parcel)
android.support.v4.app.FragmentTabHost$SavedState$1: android.support.v4.app.FragmentTabHost$SavedState[] newArray(int)
android.support.v4.app.FragmentTabHost$SavedState$1: java.lang.Object[] newArray(int)
android.support.v4.app.FragmentTabHost$SavedState$1: java.lang.Object createFromParcel(android.os.Parcel)
android.support.v4.app.FragmentTabHost$TabInfo
android.support.v4.app.FragmentTabHost$TabInfo: java.lang.String tag
android.support.v4.app.FragmentTabHost$TabInfo: java.lang.Class clss
android.support.v4.app.FragmentTabHost$TabInfo: android.os.Bundle args
android.support.v4.app.FragmentTabHost$TabInfo: android.support.v4.app.Fragment fragment
android.support.v4.app.FragmentTabHost$TabInfo: FragmentTabHost$TabInfo(java.lang.String,java.lang.Class,android.os.Bundle)
android.support.v4.app.FragmentTabHost$TabInfo: android.support.v4.app.Fragment access$102(android.support.v4.app.FragmentTabHost$TabInfo,android.support.v4.app.Fragment)
android.support.v4.app.FragmentTabHost$TabInfo: android.support.v4.app.Fragment access$100(android.support.v4.app.FragmentTabHost$TabInfo)
android.support.v4.app.FragmentTabHost$TabInfo: java.lang.String access$200(android.support.v4.app.FragmentTabHost$TabInfo)
android.support.v4.app.FragmentTabHost$TabInfo: java.lang.Class access$300(android.support.v4.app.FragmentTabHost$TabInfo)
android.support.v4.app.FragmentTabHost$TabInfo: android.os.Bundle access$400(android.support.v4.app.FragmentTabHost$TabInfo)