proguard/mapping.txt
sms.birthday.chucmung.chucmungsinhnhat.smstinhyeu.happybirthday.ActivityListItem -> sms.birthday.chucmung.chucmungsinhnhat.smstinhyeu.happybirthday.ActivityListItem:
    Adapter.AdapterListItem arrayAdapter -> b
    android.widget.ListView listV -> c
    android.os.Bundle receiveBundle -> d
    int TYPE -> e
    java.util.ArrayList arrayM -> f
    vn.adflex.ads.AdFlexAds adFlexAds -> a
    37:87:void onCreate(android.os.Bundle) -> onCreate
    91:95:void onStart() -> onStart
    99:103:void onStop() -> onStop
    28:28:Adapter.AdapterListItem access$0(sms.birthday.chucmung.chucmungsinhnhat.smstinhyeu.happybirthday.ActivityListItem) -> a
    32:32:java.util.ArrayList access$1(sms.birthday.chucmung.chucmungsinhnhat.smstinhyeu.happybirthday.ActivityListItem) -> b
    29:29:android.widget.ListView access$2(sms.birthday.chucmung.chucmungsinhnhat.smstinhyeu.happybirthday.ActivityListItem) -> c
    31:31:int access$3(sms.birthday.chucmung.chucmungsinhnhat.smstinhyeu.happybirthday.ActivityListItem) -> d
sms.birthday.chucmung.chucmungsinhnhat.smstinhyeu.happybirthday.ActivityListItem$1 -> sms.birthday.chucmung.chucmungsinhnhat.smstinhyeu.happybirthday.ActivityListItem$1:
    sms.birthday.chucmung.chucmungsinhnhat.smstinhyeu.happybirthday.ActivityListItem this$0 -> a
    61:61:void onItemSelected(android.widget.AdapterView,android.view.View,int,long) -> onItemSelected
    64:64:void onNothingSelected(android.widget.AdapterView) -> onNothingSelected
sms.birthday.chucmung.chucmungsinhnhat.smstinhyeu.happybirthday.ActivityListItem$2 -> sms.birthday.chucmung.chucmungsinhnhat.smstinhyeu.happybirthday.ActivityListItem$2:
    sms.birthday.chucmung.chucmungsinhnhat.smstinhyeu.happybirthday.ActivityListItem this$0 -> a
    71:79:void onItemClick(android.widget.AdapterView,android.view.View,int,long) -> onItemClick
sms.birthday.chucmung.chucmungsinhnhat.smstinhyeu.happybirthday.ActivityListItem$TaskGetData -> sms.birthday.chucmung.chucmungsinhnhat.smstinhyeu.happybirthday.ActivityListItem$a:
    android.app.ProgressDialog dialog -> b
    sms.birthday.chucmung.chucmungsinhnhat.smstinhyeu.happybirthday.ActivityListItem this$0 -> a
    123:127:void onPreExecute() -> onPreExecute
    1:1:void onPostExecute(java.lang.Object) -> onPostExecute
    1:1:java.lang.Object doInBackground(java.lang.Object[]) -> doInBackground
sms.birthday.chucmung.chucmungsinhnhat.smstinhyeu.happybirthday.ActivitySplash -> sms.birthday.chucmung.chucmungsinhnhat.smstinhyeu.happybirthday.ActivitySplash:
    sms.birthday.chucmung.chucmungsinhnhat.smstinhyeu.happybirthday.ActivitySplash$MainCountDown countdown -> a
    android.telephony.TelephonyManager telephonyManager -> b
    23:31:void onCreate(android.os.Bundle) -> onCreate
    35:37:void onStart() -> onStart
    41:43:void onStop() -> onStop
sms.birthday.chucmung.chucmungsinhnhat.smstinhyeu.happybirthday.ActivitySplash$MainCountDown -> sms.birthday.chucmung.chucmungsinhnhat.smstinhyeu.happybirthday.ActivitySplash$a:
    sms.birthday.chucmung.chucmungsinhnhat.smstinhyeu.happybirthday.ActivitySplash this$0 -> a
    52:55:void onFinish() -> onFinish
    59:59:void onTick(long) -> onTick
sms.birthday.chucmung.chucmungsinhnhat.smstinhyeu.happybirthday.Activity_About -> sms.birthday.chucmung.chucmungsinhnhat.smstinhyeu.happybirthday.Activity_About:
    android.view.LayoutInflater inflater -> a
    android.telephony.TelephonyManager telephonyManager -> b
    android.net.ConnectivityManager connectivityManager -> c
    android.webkit.WebView webView -> d
    int type -> e
    int typemenu -> f
    int index -> g
    android.widget.TextView bannertext -> h
    38:55:void onCreate(android.os.Bundle) -> onCreate
    58:60:void onStart() -> onStart
    64:66:void onStop() -> onStop
    109:136:void openAbout$505cbf4b(java.lang.String) -> a
...
com.google.ads.internal.f$a -> com.google.ads.a.i$a:
    java.net.HttpURLConnection a(java.net.URL) -> a
com.google.ads.internal.g -> com.google.ads.a.j:
    java.util.LinkedList a -> a
    long b -> b
    long c -> c
    long d -> d
    java.util.LinkedList e -> e
    long f -> f
    long g -> g
    long h -> h
    long i -> i
    long j -> j
    boolean k -> k
    boolean l -> l
    java.lang.String m -> m
    long n -> n
    java.util.LinkedList o -> o
    java.util.LinkedList p -> p
    157:167:void a() -> a
    174:176:void b() -> b
    183:184:void c() -> c
    192:194:void a(com.google.ads.g$a) -> a
    201:209:java.lang.String d() -> d
    217:225:java.lang.String e() -> e
    232:234:void f() -> f
    240:242:void g() -> g
    248:250:void h() -> h
    256:259:void i() -> i
    267:270:long j() -> j
    283:297:java.lang.String k() -> k
    309:322:java.lang.String l() -> l
    333:333:long m() -> m
    337:337:long n() -> n
    341:341:long o() -> o
    345:345:long p() -> p
    349:351:void q() -> q
    354:355:void r() -> r
    358:358:long s() -> s
    362:363:void t() -> t
    366:367:void u() -> u
    370:370:long v() -> v
    374:375:void w() -> w
    378:379:void x() -> x
    382:382:boolean y() -> y
    386:388:void z() -> z
    391:391:boolean A() -> A
    395:397:void B() -> B
    403:405:void C() -> C
    408:408:java.lang.String D() -> D
    412:414:void a(java.lang.String) -> a
    422:427:long E() -> E
com.google.ads.internal.h -> com.google.ads.a.k:
    com.google.ads.AdSize b -> b
    boolean c -> c
    boolean d -> d
    com.google.ads.internal.h a -> a
    43:43:com.google.ads.internal.h a(com.google.ads.AdSize,android.content.Context) -> a
    56:56:com.google.ads.internal.h a(com.google.ads.AdSize) -> a
    60:60:boolean a() -> a
    64:64:boolean b() -> b
    72:72:com.google.ads.AdSize c() -> c
    79:82:void b(com.google.ads.AdSize) -> b
    85:86:void a$1385ff() -> d
com.google.ads.internal.i -> com.google.ads.a.l:
    com.google.ads.internal.a c -> c
    com.google.ads.internal.d a -> a
    java.util.Map d -> d
    boolean b -> b
    boolean e -> e
    boolean f -> f
    boolean g -> g
    boolean h -> h
    boolean i -> i
    101:105:com.google.ads.internal.i a(com.google.ads.internal.d,java.util.Map,boolean,boolean) -> a
    118:168:boolean shouldOverrideUrlLoading(android.webkit.WebView,java.lang.String) -> shouldOverrideUrlLoading
    178:179:void onPageStarted(android.webkit.WebView,java.lang.String,android.graphics.Bitmap) -> onPageStarted
    188:206:void onPageFinished(android.webkit.WebView,java.lang.String) -> onPageFinished
    215:220:void onReceivedError(android.webkit.WebView,int,java.lang.String,java.lang.String) -> onReceivedError
    226:227:void a$1385ff() -> a
    234:235:void b$1385ff() -> b
    245:246:void c$1385ff() -> c
    254:255:void d$1385ff() -> d
    258:258:boolean a() -> e
com.google.ads.internal.j -> com.google.ads.a.m:
    java.lang.String a -> a
    android.content.Context b -> b
    74:98:void run() -> run
com.google.ads.internal.j$a -> com.google.ads.a.m$a:
    java.lang.String a -> a
    122:129:org.json.JSONObject a() -> a
com.google.ads.internal.k -> com.google.ads.a.n:
    byte[] a -> a
    41:55:android.view.ViewGroup a(android.app.Activity,com.google.ads.internal.d) -> a
com.google.ads.internal.k$a -> com.google.ads.a.n$a:
    android.gesture.GestureStore a -> a
    android.app.Activity b -> b
    com.google.ads.internal.d c -> c
    75:124:void onGesturePerformed(android.gesture.GestureOverlayView,android.gesture.Gesture) -> onGesturePerformed
    62:62:com.google.ads.internal.d a(com.google.ads.internal.k$a) -> a
    62:62:android.app.Activity b(com.google.ads.internal.k$a) -> b
com.google.ads.internal.k$a$1 -> com.google.ads.a.n$a$1:
    com.google.ads.internal.k$a a -> a
    118:118:void onClick(android.content.DialogInterface,int) -> onClick