proguard/usage.txt
sms.birthday.chucmung.chucmungsinhnhat.smstinhyeu.happybirthday.Activity_About:
    102:105:public java.io.InputStream imageFetch(java.lang.String)
sms.birthday.chucmung.chucmungsinhnhat.smstinhyeu.happybirthday.BuildConfig
sms.birthday.chucmung.chucmungsinhnhat.smstinhyeu.happybirthday.GCMIntentService:
    private static final java.lang.String TAG
sms.birthday.chucmung.chucmungsinhnhat.smstinhyeu.happybirthday.Manifest
sms.birthday.chucmung.chucmungsinhnhat.smstinhyeu.happybirthday.Manifest$permission
sms.birthday.chucmung.chucmungsinhnhat.smstinhyeu.happybirthday.R
sms.birthday.chucmung.chucmungsinhnhat.smstinhyeu.happybirthday.R$attr
sms.birthday.chucmung.chucmungsinhnhat.smstinhyeu.happybirthday.R$bool
sms.birthday.chucmung.chucmungsinhnhat.smstinhyeu.happybirthday.R$color
sms.birthday.chucmung.chucmungsinhnhat.smstinhyeu.happybirthday.R$dimen
sms.birthday.chucmung.chucmungsinhnhat.smstinhyeu.happybirthday.R$drawable
sms.birthday.chucmung.chucmungsinhnhat.smstinhyeu.happybirthday.R$id
sms.birthday.chucmung.chucmungsinhnhat.smstinhyeu.happybirthday.R$layout
sms.birthday.chucmung.chucmungsinhnhat.smstinhyeu.happybirthday.R$menu
sms.birthday.chucmung.chucmungsinhnhat.smstinhyeu.happybirthday.R$string
sms.birthday.chucmung.chucmungsinhnhat.smstinhyeu.happybirthday.R$style
sms.birthday.chucmung.chucmungsinhnhat.smstinhyeu.happybirthday.R$xml
...
com.google.tagmanager.CtfeDebugInformationHandler
com.google.tagmanager.CtfeHost
com.google.tagmanager.CustomFunctionCall
com.google.tagmanager.CustomFunctionCall$CustomEvaluator
com.google.tagmanager.DataLayer:
    static final int MAX_QUEUE_DEPTH
    126:128:public void push(java.lang.Object,java.lang.Object)
    150:164:public void push(java.util.Map)
    168:176:private void processQueuedUpdates()
    180:186:private void processUpdate(java.util.Map)
    198:214:public java.lang.Object get(java.lang.String)
    230:237:public static varargs java.util.Map mapOf(java.lang.Object[])
    250:254:public static varargs java.util.List listOf(java.lang.Object[])
    268:269:void unregisterListener(com.google.tagmanager.DataLayer$Listener)
    272:275:private void notifyListeners(java.util.Map)
    295:305:java.util.Map expandKeyValue(java.lang.Object,java.lang.Object)
    318:342:void mergeMap(java.util.Map,java.util.Map)
    354:381:void mergeList(java.util.List,java.util.List)
com.google.tagmanager.DataLayer$Listener:
    public abstract void changed(java.util.Map)
com.google.tagmanager.DataLayerEventEvaluationInfoBuilder
com.google.tagmanager.DataLayerMacro
com.google.tagmanager.DebugDataLayerEventEvaluationInfoBuilder
com.google.tagmanager.DebugEventInfoBuilder
com.google.tagmanager.DebugEventInfoDistributor
com.google.tagmanager.DebugInformationHandler
com.google.tagmanager.DebugMacroEvaluationInfoBuilder
com.google.tagmanager.DebugResolvedFunctionCallBuilder
com.google.tagmanager.DebugResolvedPropertyBuilder
com.google.tagmanager.DebugResolvedRuleBuilder
com.google.tagmanager.DebugResolvedRuleBuilder$DebugResolvedFunctionCallListTranslator
com.google.tagmanager.DebugRuleEvaluationStepInfoBuilder
com.google.tagmanager.DebugValueBuilder
com.google.tagmanager.DebugValueBuilder$TypeMismatchException
com.google.tagmanager.DefaultLogger:
    private static final java.lang.String LOG_TAG
    20:23:public void e(java.lang.String,java.lang.Throwable)
    34:37:public void w(java.lang.String,java.lang.Throwable)
    48:51:public void i(java.lang.String,java.lang.Throwable)
    55:58:public void d(java.lang.String)
    62:65:public void d(java.lang.String,java.lang.Throwable)
    76:79:public void v(java.lang.String,java.lang.Throwable)
    83:83:public com.google.tagmanager.Logger$LogLevel getLogLevel()
    88:89:public void setLogLevel(com.google.tagmanager.Logger$LogLevel)
com.google.tagmanager.DelayedHitSender
com.google.tagmanager.DeviceIdMacro
com.google.tagmanager.DeviceNameMacro
com.google.tagmanager.Dispatcher
com.google.tagmanager.EncodeMacro
com.google.tagmanager.EndsWithPredicate
com.google.tagmanager.EqualsPredicate
com.google.tagmanager.EventEvaluator
com.google.tagmanager.EventInfoBuilder
com.google.tagmanager.EventInfoDistributor
com.google.tagmanager.EventMacro
com.google.tagmanager.FunctionCallImplementation
com.google.tagmanager.FutureApis
com.google.tagmanager.GreaterEqualsPredicate
com.google.tagmanager.GreaterThanPredicate
com.google.tagmanager.GtmVersionMacro
com.google.tagmanager.HashMacro
com.google.tagmanager.Hit
com.google.tagmanager.HitSender
com.google.tagmanager.HitSendingConstants
com.google.tagmanager.HitSendingThread
com.google.tagmanager.HitSendingThreadImpl
com.google.tagmanager.HitSendingThreadImpl$1
com.google.tagmanager.HitStore
com.google.tagmanager.HitStoreStateListener
com.google.tagmanager.HttpNetworkClient
com.google.tagmanager.HttpUrlConnectionNetworkClient
com.google.tagmanager.InstallReferrerMacro
com.google.tagmanager.InstallReferrerReceiver:
    static final java.lang.String INSTALL_ACTION
com.google.tagmanager.InstallReferrerService:
    24:25:public InstallReferrerService(java.lang.String)